Using pre-set license
Built from '2020.3/staging' branch; Version is '2020.3.10f1 (297d780c91bc) revision 2719096'; Using compiler version '192528614'; Build Type 'Release'
OS: 'Windows 10 Home; OS build 19043.1165; Version 2009; 64bit' Language: 'ja' Physical Memory: 16305 MB
BatchMode: 1, IsHumanControllingUs: 0, StartBugReporterOnCrash: 0, Is64bit: 1, IsPro: 0

 COMMAND LINE ARGUMENTS:
D:\UnityEditor\2020.3.10f1\Editor\Unity.exe
-adb2
-batchMode
-noUpm
-name
AssetImportWorker0
-projectPath
D:/UnityProjects/CardOfEverything
-logFile
Logs/AssetImportWorker0.log
-srvPort
64467
Successfully changed project path to: D:/UnityProjects/CardOfEverything
D:/UnityProjects/CardOfEverything
Using Asset Import Pipeline V2.
Refreshing native plugins compatible for Editor in 45.24 ms, found 3 plugins.
Preloading 0 native plugins for Editor in 0.00 ms.
Initialize engine version: 2020.3.10f1 (297d780c91bc)
[Subsystems] Discovering subsystems at path D:/UnityEditor/2020.3.10f1/Editor/Data/Resources/UnitySubsystems
[Subsystems] Discovering subsystems at path D:/UnityProjects/CardOfEverything/Assets
GfxDevice: creating device client; threaded=0
Direct3D:
    Version:  Direct3D 11.0 [level 11.1]
    Renderer: NVIDIA GeForce GTX 1660 (ID=0x2184)
    Vendor:   
    VRAM:     5991 MB
    Driver:   27.21.14.6109
Initialize mono
Mono path[0] = 'D:/UnityEditor/2020.3.10f1/Editor/Data/Managed'
Mono path[1] = 'D:/UnityEditor/2020.3.10f1/Editor/Data/MonoBleedingEdge/lib/mono/unityjit'
Mono config path = 'D:/UnityEditor/2020.3.10f1/Editor/Data/MonoBleedingEdge/etc'
Using monoOptions --debugger-agent=transport=dt_socket,embedding=1,server=y,suspend=n,address=127.0.0.1:56016
Begin MonoManager ReloadAssembly
Registering precompiled unity dll's ...
Register platform support module: D:/UnityEditor/2020.3.10f1/Editor/Data/PlaybackEngines/MacStandaloneSupport/UnityEditor.OSXStandalone.Extensions.dll
Register platform support module: D:/UnityEditor/2020.3.10f1/Editor/Data/PlaybackEngines/WindowsStandaloneSupport/UnityEditor.WindowsStandalone.Extensions.dll
Registered in 0.001901 seconds.
Native extension for WindowsStandalone target not found
Native extension for OSXStandalone target not found
Refreshing native plugins compatible for Editor in 67.82 ms, found 3 plugins.
Preloading 0 native plugins for Editor in 0.00 ms.
Mono: successfully reloaded assembly
- Completed reload, in  4.490 seconds
Platform modules already initialized, skipping
Registering precompiled user dll's ...
Registered in 0.019508 seconds.
Begin MonoManager ReloadAssembly
Native extension for WindowsStandalone target not found
Native extension for OSXStandalone target not found
Refreshing native plugins compatible for Editor in 39.39 ms, found 3 plugins.
Preloading 0 native plugins for Editor in 0.00 ms.
Mono: successfully reloaded assembly
- Completed reload, in  1.660 seconds
Platform modules already initialized, skipping
========================================================================
Worker process is ready to serve import requests
Launched and connected shader compiler UnityShaderCompiler.exe after 0.07 seconds
Refreshing native plugins compatible for Editor in 0.48 ms, found 3 plugins.
Preloading 0 native plugins for Editor in 0.00 ms.
Unloading 2223 Unused Serialized files (Serialized files now loaded: 0)
System memory in use before: 108.5 MB.
System memory in use after: 108.6 MB.

Unloading 45 unused Assets to reduce memory usage. Loaded Objects now: 2707.
Total: 23.670700 ms (FindLiveObjects: 0.193400 ms CreateObjectMapping: 0.099000 ms MarkObjects: 23.248000 ms  DeleteObjects: 0.128800 ms)

========================================================================
Received Prepare
Registering precompiled user dll's ...
Registered in 0.013657 seconds.
Begin MonoManager ReloadAssembly
Native extension for WindowsStandalone target not found
Native extension for OSXStandalone target not found
Refreshing native plugins compatible for Editor in 0.50 ms, found 3 plugins.
Preloading 0 native plugins for Editor in 0.00 ms.
Mono: successfully reloaded assembly
- Completed reload, in  1.540 seconds
Platform modules already initialized, skipping
Refreshing native plugins compatible for Editor in 0.51 ms, found 3 plugins.
Preloading 0 native plugins for Editor in 0.00 ms.
Unloading 2205 Unused Serialized files (Serialized files now loaded: 0)
System memory in use before: 113.2 MB.
System memory in use after: 113.2 MB.

Unloading 33 unused Assets to reduce memory usage. Loaded Objects now: 2711.
Total: 23.700700 ms (FindLiveObjects: 0.177100 ms CreateObjectMapping: 0.079200 ms MarkObjects: 23.337500 ms  DeleteObjects: 0.105900 ms)

========================================================================
Received Import Request.
  path: Assets/JsonData/CardViewProfile
  artifactKey: Guid(a52c41bea3858214aa6733cfbf7dc0f6) Importer(815301076,1909f56bfc062723c751e8b465ee728b)
Start importing Assets/JsonData/CardViewProfile using Guid(a52c41bea3858214aa6733cfbf7dc0f6) Importer(815301076,1909f56bfc062723c751e8b465ee728b)  -> (artifact id: '87daea80e2fcc2e37a2131d66846ee6f') in 0.029154 seconds
  Import took 0.034094 seconds .

========================================================================
Received Import Request.
  Time since last request: 1.592713 seconds.
  path: Assets/JsonData/CharacterProfile
  artifactKey: Guid(b2d5bd2fc6f1cf74e9a0e42d06ee7477) Importer(815301076,1909f56bfc062723c751e8b465ee728b)
Start importing Assets/JsonData/CharacterProfile using Guid(b2d5bd2fc6f1cf74e9a0e42d06ee7477) Importer(815301076,1909f56bfc062723c751e8b465ee728b)  -> (artifact id: 'fa1201876bf7d15677d36d7fc3d7c380') in 0.006746 seconds
  Import took 0.023481 seconds .

========================================================================
Received Import Request.
  Time since last request: 2.432855 seconds.
  path: Assets/JsonData/CharacterProfile/CharacterProfile
  artifactKey: Guid(6049f7ae694096d41bcb7607fc478839) Importer(815301076,1909f56bfc062723c751e8b465ee728b)
Start importing Assets/JsonData/CharacterProfile/CharacterProfile using Guid(6049f7ae694096d41bcb7607fc478839) Importer(815301076,1909f56bfc062723c751e8b465ee728b)  -> (artifact id: 'f172caa4ba55942fde3c0cb4420946e9') in 0.013439 seconds
  Import took 0.016714 seconds .

========================================================================
Received Prepare
Registering precompiled user dll's ...
Registered in 0.013182 seconds.
Begin MonoManager ReloadAssembly
Native extension for WindowsStandalone target not found
Native extension for OSXStandalone target not found
Refreshing native plugins compatible for Editor in 0.49 ms, found 3 plugins.
Preloading 0 native plugins for Editor in 0.00 ms.
Mono: successfully reloaded assembly
- Completed reload, in  1.515 seconds
Platform modules already initialized, skipping
Refreshing native plugins compatible for Editor in 0.50 ms, found 3 plugins.
Preloading 0 native plugins for Editor in 0.00 ms.
Unloading 2205 Unused Serialized files (Serialized files now loaded: 0)
System memory in use before: 113.2 MB.
System memory in use after: 113.3 MB.

Unloading 33 unused Assets to reduce memory usage. Loaded Objects now: 2715.
Total: 24.480600 ms (FindLiveObjects: 0.349500 ms CreateObjectMapping: 0.200400 ms MarkObjects: 23.820800 ms  DeleteObjects: 0.108700 ms)

========================================================================
Received Prepare
Registering precompiled user dll's ...
Registered in 0.012926 seconds.
Begin MonoManager ReloadAssembly
Native extension for WindowsStandalone target not found
Native extension for OSXStandalone target not found
Refreshing native plugins compatible for Editor in 0.50 ms, found 3 plugins.
Preloading 0 native plugins for Editor in 0.00 ms.
Mono: successfully reloaded assembly
- Completed reload, in  2.944 seconds
Platform modules already initialized, skipping
Refreshing native plugins compatible for Editor in 0.60 ms, found 3 plugins.
Preloading 0 native plugins for Editor in 0.00 ms.
Unloading 2205 Unused Serialized files (Serialized files now loaded: 0)
System memory in use before: 123.0 MB.
System memory in use after: 123.1 MB.

Unloading 33 unused Assets to reduce memory usage. Loaded Objects now: 2719.
Total: 26.882100 ms (FindLiveObjects: 1.101400 ms CreateObjectMapping: 0.271400 ms MarkObjects: 25.366900 ms  DeleteObjects: 0.140200 ms)

========================================================================
Received Prepare
Registering precompiled user dll's ...
Registered in 0.583238 seconds.
Begin MonoManager ReloadAssembly
Native extension for WindowsStandalone target not found
Native extension for OSXStandalone target not found
Refreshing native plugins compatible for Editor in 0.50 ms, found 3 plugins.
Preloading 0 native plugins for Editor in 0.00 ms.
Mono: successfully reloaded assembly
- Completed reload, in  1.600 seconds
Platform modules already initialized, skipping
Refreshing native plugins compatible for Editor in 0.49 ms, found 3 plugins.
Preloading 0 native plugins for Editor in 0.00 ms.
Unloading 2205 Unused Serialized files (Serialized files now loaded: 0)
System memory in use before: 113.3 MB.
System memory in use after: 113.4 MB.

Unloading 33 unused Assets to reduce memory usage. Loaded Objects now: 2723.
Total: 23.026100 ms (FindLiveObjects: 0.242400 ms CreateObjectMapping: 0.107400 ms MarkObjects: 22.559300 ms  DeleteObjects: 0.115400 ms)

========================================================================
Received Prepare
Registering precompiled user dll's ...
Registered in 0.013349 seconds.
Begin MonoManager ReloadAssembly
Native extension for WindowsStandalone target not found
Native extension for OSXStandalone target not found
Refreshing native plugins compatible for Editor in 0.48 ms, found 3 plugins.
Preloading 0 native plugins for Editor in 0.00 ms.
Mono: successfully reloaded assembly
- Completed reload, in  1.492 seconds
Platform modules already initialized, skipping
Refreshing native plugins compatible for Editor in 0.54 ms, found 3 plugins.
Preloading 0 native plugins for Editor in 0.00 ms.
Unloading 2205 Unused Serialized files (Serialized files now loaded: 0)
System memory in use before: 113.2 MB.
System memory in use after: 113.3 MB.

Unloading 33 unused Assets to reduce memory usage. Loaded Objects now: 2727.
Total: 23.877200 ms (FindLiveObjects: 0.194800 ms CreateObjectMapping: 0.083100 ms MarkObjects: 23.478800 ms  DeleteObjects: 0.119000 ms)

========================================================================
Received Prepare
Registering precompiled user dll's ...
Registered in 0.013004 seconds.
Begin MonoManager ReloadAssembly
Native extension for WindowsStandalone target not found
Native extension for OSXStandalone target not found
Refreshing native plugins compatible for Editor in 0.49 ms, found 3 plugins.
Preloading 0 native plugins for Editor in 0.00 ms.
Mono: successfully reloaded assembly
- Completed reload, in  1.511 seconds
Platform modules already initialized, skipping
Refreshing native plugins compatible for Editor in 0.49 ms, found 3 plugins.
Preloading 0 native plugins for Editor in 0.00 ms.
Unloading 2205 Unused Serialized files (Serialized files now loaded: 0)
System memory in use before: 113.3 MB.
System memory in use after: 113.4 MB.

Unloading 33 unused Assets to reduce memory usage. Loaded Objects now: 2731.
Total: 25.155400 ms (FindLiveObjects: 0.195500 ms CreateObjectMapping: 0.088000 ms MarkObjects: 24.759200 ms  DeleteObjects: 0.111600 ms)

========================================================================
Received Prepare
Registering precompiled user dll's ...
Registered in 0.012822 seconds.
Begin MonoManager ReloadAssembly
Native extension for WindowsStandalone target not found
Native extension for OSXStandalone target not found
Refreshing native plugins compatible for Editor in 0.49 ms, found 3 plugins.
Preloading 0 native plugins for Editor in 0.00 ms.
Mono: successfully reloaded assembly
- Completed reload, in  1.509 seconds
Platform modules already initialized, skipping
Refreshing native plugins compatible for Editor in 0.60 ms, found 3 plugins.
Preloading 0 native plugins for Editor in 0.00 ms.
Unloading 2205 Unused Serialized files (Serialized files now loaded: 0)
System memory in use before: 113.3 MB.
System memory in use after: 113.4 MB.

Unloading 33 unused Assets to reduce memory usage. Loaded Objects now: 2735.
Total: 24.899200 ms (FindLiveObjects: 0.196000 ms CreateObjectMapping: 0.094200 ms MarkObjects: 24.493700 ms  DeleteObjects: 0.114100 ms)

========================================================================
Received Prepare
Registering precompiled user dll's ...
Registered in 0.014608 seconds.
Begin MonoManager ReloadAssembly
Native extension for WindowsStandalone target not found
Native extension for OSXStandalone target not found
Refreshing native plugins compatible for Editor in 0.49 ms, found 3 plugins.
Preloading 0 native plugins for Editor in 0.00 ms.
Mono: successfully reloaded assembly
- Completed reload, in  1.552 seconds
Platform modules already initialized, skipping
Refreshing native plugins compatible for Editor in 0.49 ms, found 3 plugins.
Preloading 0 native plugins for Editor in 0.00 ms.
Unloading 2205 Unused Serialized files (Serialized files now loaded: 0)
System memory in use before: 113.4 MB.
System memory in use after: 113.5 MB.

Unloading 33 unused Assets to reduce memory usage. Loaded Objects now: 2739.
Total: 23.912100 ms (FindLiveObjects: 0.222800 ms CreateObjectMapping: 0.094500 ms MarkObjects: 23.446300 ms  DeleteObjects: 0.146600 ms)

========================================================================
Received Import Request.
  Time since last request: 1361.775575 seconds.
  path: Assets/Pref/ImageObj 1.prefab
  artifactKey: Guid(487c6fbdb882ee84586c6650a570e349) Importer(815301076,1909f56bfc062723c751e8b465ee728b)
Start importing Assets/Pref/ImageObj 1.prefab using Guid(487c6fbdb882ee84586c6650a570e349) Importer(815301076,1909f56bfc062723c751e8b465ee728b)  -> (artifact id: '264bef9d6e487a618f18e2e4c6c37cdc') in 0.091420 seconds
  Import took 0.108197 seconds .

========================================================================
Received Prepare
Registering precompiled user dll's ...
Registered in 0.014793 seconds.
Begin MonoManager ReloadAssembly
Native extension for WindowsStandalone target not found
Native extension for OSXStandalone target not found
Refreshing native plugins compatible for Editor in 0.50 ms, found 3 plugins.
Preloading 0 native plugins for Editor in 0.00 ms.
Mono: successfully reloaded assembly
- Completed reload, in  1.523 seconds
Platform modules already initialized, skipping
Refreshing native plugins compatible for Editor in 0.63 ms, found 3 plugins.
Preloading 0 native plugins for Editor in 0.00 ms.
Unloading 2205 Unused Serialized files (Serialized files now loaded: 0)
System memory in use before: 113.4 MB.
System memory in use after: 113.5 MB.

Unloading 33 unused Assets to reduce memory usage. Loaded Objects now: 2743.
Total: 24.983700 ms (FindLiveObjects: 0.192700 ms CreateObjectMapping: 0.084600 ms MarkObjects: 24.587800 ms  DeleteObjects: 0.117500 ms)

========================================================================
Received Import Request.
  Time since last request: 34.680084 seconds.
  path: Assets/Pref/ImageObj 1.prefab
  artifactKey: Guid(6d85d24806191db45bd8a0ea7141deee) Importer(815301076,1909f56bfc062723c751e8b465ee728b)
Start importing Assets/Pref/ImageObj 1.prefab using Guid(6d85d24806191db45bd8a0ea7141deee) Importer(815301076,1909f56bfc062723c751e8b465ee728b)  -> (artifact id: '1963d28e44106663dab2b60278694def') in 0.031019 seconds
  Import took 0.046975 seconds .

========================================================================
Received Import Request.
  Time since last request: 4.229496 seconds.
  path: Assets/Pref/SpriteObj.prefab
  artifactKey: Guid(6d85d24806191db45bd8a0ea7141deee) Importer(815301076,1909f56bfc062723c751e8b465ee728b)
Start importing Assets/Pref/SpriteObj.prefab using Guid(6d85d24806191db45bd8a0ea7141deee) Importer(815301076,1909f56bfc062723c751e8b465ee728b)  -> (artifact id: 'a1c0ea26bdbfa65f0ef82bbc977e4e67') in 0.008522 seconds
  Import took 0.012678 seconds .

========================================================================
Received Prepare
Registering precompiled user dll's ...
Registered in 0.012865 seconds.
Begin MonoManager ReloadAssembly
Native extension for WindowsStandalone target not found
Native extension for OSXStandalone target not found
Refreshing native plugins compatible for Editor in 0.51 ms, found 3 plugins.
Preloading 0 native plugins for Editor in 0.00 ms.
Mono: successfully reloaded assembly
- Completed reload, in  1.513 seconds
Platform modules already initialized, skipping
Refreshing native plugins compatible for Editor in 0.49 ms, found 3 plugins.
Preloading 0 native plugins for Editor in 0.00 ms.
Unloading 2205 Unused Serialized files (Serialized files now loaded: 0)
System memory in use before: 113.3 MB.
System memory in use after: 113.4 MB.

Unloading 33 unused Assets to reduce memory usage. Loaded Objects now: 2747.
Total: 23.651800 ms (FindLiveObjects: 0.195000 ms CreateObjectMapping: 0.088000 ms MarkObjects: 23.254500 ms  DeleteObjects: 0.113000 ms)

========================================================================
Received Prepare
Registering precompiled user dll's ...
Registered in 0.013098 seconds.
Begin MonoManager ReloadAssembly
Native extension for WindowsStandalone target not found
Native extension for OSXStandalone target not found
Refreshing native plugins compatible for Editor in 0.51 ms, found 3 plugins.
Preloading 0 native plugins for Editor in 0.00 ms.
Mono: successfully reloaded assembly
- Completed reload, in  1.487 seconds
Platform modules already initialized, skipping
Refreshing native plugins compatible for Editor in 0.49 ms, found 3 plugins.
Preloading 0 native plugins for Editor in 0.00 ms.
Unloading 2205 Unused Serialized files (Serialized files now loaded: 0)
System memory in use before: 113.4 MB.
System memory in use after: 113.5 MB.

Unloading 33 unused Assets to reduce memory usage. Loaded Objects now: 2751.
Total: 23.121400 ms (FindLiveObjects: 0.194700 ms CreateObjectMapping: 0.083300 ms MarkObjects: 22.727200 ms  DeleteObjects: 0.114900 ms)

========================================================================
Received Prepare
Registering precompiled user dll's ...
Registered in 0.012509 seconds.
Begin MonoManager ReloadAssembly
Native extension for WindowsStandalone target not found
Native extension for OSXStandalone target not found
Refreshing native plugins compatible for Editor in 0.49 ms, found 3 plugins.
Preloading 0 native plugins for Editor in 0.00 ms.
Mono: successfully reloaded assembly
- Completed reload, in  1.619 seconds
Platform modules already initialized, skipping
Refreshing native plugins compatible for Editor in 0.51 ms, found 3 plugins.
Preloading 0 native plugins for Editor in 0.00 ms.
Unloading 2205 Unused Serialized files (Serialized files now loaded: 0)
System memory in use before: 113.5 MB.
System memory in use after: 113.5 MB.

Unloading 33 unused Assets to reduce memory usage. Loaded Objects now: 2755.
Total: 23.398100 ms (FindLiveObjects: 0.216500 ms CreateObjectMapping: 0.110200 ms MarkObjects: 22.946000 ms  DeleteObjects: 0.124200 ms)

========================================================================
Received Prepare
Registering precompiled user dll's ...
Registered in 0.014045 seconds.
Begin MonoManager ReloadAssembly
Native extension for WindowsStandalone target not found
Native extension for OSXStandalone target not found
Refreshing native plugins compatible for Editor in 0.64 ms, found 3 plugins.
Preloading 0 native plugins for Editor in 0.00 ms.
Mono: successfully reloaded assembly
- Completed reload, in  1.479 seconds
Platform modules already initialized, skipping
Refreshing native plugins compatible for Editor in 0.69 ms, found 3 plugins.
Preloading 0 native plugins for Editor in 0.00 ms.
Unloading 2205 Unused Serialized files (Serialized files now loaded: 0)
System memory in use before: 113.5 MB.
System memory in use after: 113.5 MB.

Unloading 33 unused Assets to reduce memory usage. Loaded Objects now: 2759.
Total: 23.057700 ms (FindLiveObjects: 0.203800 ms CreateObjectMapping: 0.090100 ms MarkObjects: 22.627600 ms  DeleteObjects: 0.134200 ms)

========================================================================
Received Prepare
Registering precompiled user dll's ...
Registered in 0.012267 seconds.
Begin MonoManager ReloadAssembly
Native extension for WindowsStandalone target not found
Native extension for OSXStandalone target not found
Refreshing native plugins compatible for Editor in 0.54 ms, found 3 plugins.
Preloading 0 native plugins for Editor in 0.00 ms.
Mono: successfully reloaded assembly
- Completed reload, in  1.471 seconds
Platform modules already initialized, skipping
Refreshing native plugins compatible for Editor in 0.49 ms, found 3 plugins.
Preloading 0 native plugins for Editor in 0.00 ms.
Unloading 2205 Unused Serialized files (Serialized files now loaded: 0)
System memory in use before: 113.5 MB.
System memory in use after: 113.5 MB.

Unloading 33 unused Assets to reduce memory usage. Loaded Objects now: 2763.
Total: 23.373400 ms (FindLiveObjects: 0.194500 ms CreateObjectMapping: 0.085900 ms MarkObjects: 22.970600 ms  DeleteObjects: 0.121300 ms)

========================================================================
Received Prepare
Registering precompiled user dll's ...
Registered in 0.013036 seconds.
Begin MonoManager ReloadAssembly
Native extension for WindowsStandalone target not found
Native extension for OSXStandalone target not found
Refreshing native plugins compatible for Editor in 0.49 ms, found 3 plugins.
Preloading 0 native plugins for Editor in 0.00 ms.
Mono: successfully reloaded assembly
- Completed reload, in  1.576 seconds
Platform modules already initialized, skipping
Refreshing native plugins compatible for Editor in 0.49 ms, found 3 plugins.
Preloading 0 native plugins for Editor in 0.00 ms.
Unloading 2205 Unused Serialized files (Serialized files now loaded: 0)
System memory in use before: 113.4 MB.
System memory in use after: 113.5 MB.

Unloading 33 unused Assets to reduce memory usage. Loaded Objects now: 2767.
Total: 23.034300 ms (FindLiveObjects: 0.202100 ms CreateObjectMapping: 0.089100 ms MarkObjects: 22.627400 ms  DeleteObjects: 0.114400 ms)

========================================================================
Received Prepare
Registering precompiled user dll's ...
Registered in 0.013442 seconds.
Begin MonoManager ReloadAssembly
Native extension for WindowsStandalone target not found
Native extension for OSXStandalone target not found
Refreshing native plugins compatible for Editor in 0.59 ms, found 3 plugins.
Preloading 0 native plugins for Editor in 0.00 ms.
Mono: successfully reloaded assembly
- Completed reload, in  1.543 seconds
Platform modules already initialized, skipping
Refreshing native plugins compatible for Editor in 0.50 ms, found 3 plugins.
Preloading 0 native plugins for Editor in 0.00 ms.
Unloading 2206 Unused Serialized files (Serialized files now loaded: 0)
System memory in use before: 113.4 MB.
System memory in use after: 113.5 MB.

Unloading 33 unused Assets to reduce memory usage. Loaded Objects now: 2772.
Total: 23.947700 ms (FindLiveObjects: 0.227700 ms CreateObjectMapping: 0.105500 ms MarkObjects: 23.492900 ms  DeleteObjects: 0.119900 ms)

========================================================================
Received Prepare
Registering precompiled user dll's ...
Registered in 0.013182 seconds.
Begin MonoManager ReloadAssembly
Native extension for WindowsStandalone target not found
Native extension for OSXStandalone target not found
Refreshing native plugins compatible for Editor in 0.50 ms, found 3 plugins.
Preloading 0 native plugins for Editor in 0.00 ms.
Mono: successfully reloaded assembly
- Completed reload, in  1.505 seconds
Platform modules already initialized, skipping
Refreshing native plugins compatible for Editor in 0.52 ms, found 3 plugins.
Preloading 0 native plugins for Editor in 0.00 ms.
Unloading 2206 Unused Serialized files (Serialized files now loaded: 0)
System memory in use before: 113.4 MB.
System memory in use after: 113.5 MB.

Unloading 33 unused Assets to reduce memory usage. Loaded Objects now: 2776.
Total: 24.664000 ms (FindLiveObjects: 0.202900 ms CreateObjectMapping: 0.091600 ms MarkObjects: 24.252300 ms  DeleteObjects: 0.116000 ms)

